<?xml version="1.0" encoding="UTF-8"?>
<testsuite xmlns:xsi="http://www.w3.org/2001/XMLSchema-instance" xsi:noNamespaceSchemaLocation="https://maven.apache.org/surefire/maven-surefire-plugin/xsd/surefire-test-report-3.0.xsd" version="3.0" name="TestSuite" time="1.912" tests="2" errors="0" skipped="1" failures="1">
  <properties>
[...]
</properties>
  <testcase name="setUp" classname="com.qa.testcases.WalletHubTestCases" time="0.515">
    <failure message="Cannot invoke &quot;org.openqa.selenium.SearchContext.findElement(org.openqa.selenium.By)&quot; because &quot;this.searchContext&quot; is null" type="java.lang.NullPointerException">java.lang.NullPointerException: Cannot invoke "org.openqa.selenium.SearchContext.findElement(org.openqa.selenium.By)" because "this.searchContext" is null
	at com.qa.testcases.WalletHubTestCases.setUp(WalletHubTestCases.java:30)
</failure>
  </testcase>
  <testcase name="TC001_VerifyHeaderContent" classname="com.qa.testcases.WalletHubTestCases" time="0">
    <skipped/>
  </testcase>
</testsuite>