<?xml version="1.0" encoding="UTF-8"?>
<testng-results total="1" passed="0" failed="0" skipped="1">
  <reporter-output>
  </reporter-output>
  <suite started-at="2021-05-12T10:36:15Z" name="RegressionSuite" finished-at="2021-05-12T10:36:15Z" duration-ms="80">
    <groups>
      <group name="UI">
        <method signature="WalletHubTestCases.TC001_VerifyHeaderContent()[pri:0, instance:com.qa.testcases.WalletHubTestCases@bcec361]" name="TC001_VerifyHeaderContent" class="com.qa.testcases.WalletHubTestCases"/>
      </group> <!-- UI -->
      <group name="Simple">
        <method signature="WalletHubTestCases.TC001_VerifyHeaderContent()[pri:0, instance:com.qa.testcases.WalletHubTestCases@bcec361]" name="TC001_VerifyHeaderContent" class="com.qa.testcases.WalletHubTestCases"/>
      </group> <!-- Simple -->
    </groups>
    <test started-at="2021-05-12T10:36:15Z" name="Testing" finished-at="2021-05-12T10:36:15Z" duration-ms="80">
      <class name="com.qa.testcases.WalletHubTestCases">
        <test-method is-config="true" signature="setUp()[pri:0, instance:com.qa.testcases.WalletHubTestCases@bcec361]" started-at="2021-05-12T16:06:15Z" name="setUp" finished-at="2021-05-12T16:06:15Z" duration-ms="0" status="FAIL">
          <exception class="java.lang.NullPointerException">
            <message>
              <![CDATA[Cannot invoke "org.openqa.selenium.SearchContext.findElement(org.openqa.selenium.By)" because "this.searchContext" is null]]>
            </message>
            <full-stacktrace>
              <![CDATA[java.lang.NullPointerException: Cannot invoke "org.openqa.selenium.SearchContext.findElement(org.openqa.selenium.By)" because "this.searchContext" is null
	at org.openqa.selenium.support.pagefactory.DefaultElementLocator.findElement(DefaultElementLocator.java:69)
	at org.openqa.selenium.support.pagefactory.internal.LocatingElementHandler.invoke(LocatingElementHandler.java:38)
	at com.sun.proxy.$Proxy9.isEnabled(Unknown Source)
	at com.qa.pages.HomePage.selectFlightOption(HomePage.java:34)
	at com.qa.testcases.WalletHubTestCases.setUp(WalletHubTestCases.java:30)
	at java.base/jdk.internal.reflect.NativeMethodAccessorImpl.invoke0(Native Method)
	at java.base/jdk.internal.reflect.NativeMethodAccessorImpl.invoke(NativeMethodAccessorImpl.java:64)
	at java.base/jdk.internal.reflect.DelegatingMethodAccessorImpl.invoke(DelegatingMethodAccessorImpl.java:43)
	at java.base/java.lang.reflect.Method.invoke(Method.java:564)
	at org.testng.internal.MethodInvocationHelper.invokeMethod(MethodInvocationHelper.java:80)
	at org.testng.internal.Invoker.invokeConfigurationMethod(Invoker.java:564)
	at org.testng.internal.Invoker.invokeConfigurations(Invoker.java:213)
	at org.testng.internal.Invoker.invokeMethod(Invoker.java:653)
	at org.testng.internal.Invoker.invokeTestMethod(Invoker.java:901)
	at org.testng.internal.Invoker.invokeTestMethods(Invoker.java:1231)
	at org.testng.internal.TestMethodWorker.invokeTestMethods(TestMethodWorker.java:127)
	at org.testng.internal.TestMethodWorker.run(TestMethodWorker.java:111)
	at java.base/java.util.concurrent.ThreadPoolExecutor.runWorker(ThreadPoolExecutor.java:1130)
	at java.base/java.util.concurrent.ThreadPoolExecutor$Worker.run(ThreadPoolExecutor.java:630)
	at java.base/java.lang.Thread.run(Thread.java:832)
]]>
            </full-stacktrace>
          </exception> <!-- java.lang.NullPointerException -->
          <reporter-output>
          </reporter-output>
        </test-method> <!-- setUp -->
        <test-method signature="TC001_VerifyHeaderContent()[pri:0, instance:com.qa.testcases.WalletHubTestCases@bcec361]" started-at="2021-05-12T16:06:15Z" name="TC001_VerifyHeaderContent" finished-at="2021-05-12T16:06:15Z" duration-ms="2" status="SKIP">
          <reporter-output>
          </reporter-output>
        </test-method> <!-- TC001_VerifyHeaderContent -->
      </class> <!-- com.qa.testcases.WalletHubTestCases -->
    </test> <!-- Testing -->
  </suite> <!-- RegressionSuite -->
</testng-results>
