<?xml version="1.0" encoding="UTF-8"?>
<!-- Generated by org.testng.reporters.JUnitXMLReporter -->
<testsuite hostname="LAPTOP-1EB6NV2P" failures="0" tests="10" name="Default test" time="1.768" errors="0" timestamp="20 Sep 2021 05:21:49 GMT">
  <testcase classname="com.qa.testcases.TelephoneDialPadTestCases" name="TC001_DigitisBlank" time="0.971"/>
  <testcase classname="com.qa.testcases.TelephoneDialPadTestCases" name="TC002_DigitStringHasOnlyOneDigit" time="0.104"/>
  <testcase classname="com.qa.testcases.TelephoneDialPadTestCases" name="TC003_DigitStringHasTwoDigitBothWithThreeAlphabets" time="0.104"/>
  <testcase classname="com.qa.testcases.TelephoneDialPadTestCases" name="TC004_DigitEnterIs1" time="0.085"/>
  <testcase classname="com.qa.testcases.TelephoneDialPadTestCases" name="TC005_DigitEnterIs0" time="0.087"/>
  <testcase classname="com.qa.testcases.TelephoneDialPadTestCases" name="TC006_DigitStringHasTwoDigitWithThreeAndFourAlphabets" time="0.065"/>
  <testcase classname="com.qa.testcases.TelephoneDialPadTestCases" name="TC007_DigitStringHasTwoDigitBothWithFourAlphabets" time="0.07"/>
  <testcase classname="com.qa.testcases.TelephoneDialPadTestCases" name="TC008_DigitStringHasOneDigitAlongWIthSpecialCharachter" time="0.08"/>
  <testcase classname="com.qa.testcases.TelephoneDialPadTestCases" name="TC009_DigitStringHasTwoDigitAlongWIthSpecialCharachter" time="0.064"/>
  <testcase classname="com.qa.testcases.TelephoneDialPadTestCases" name="TC010_DigitStringHasMoreThan2Digit" time="0.067"/>
</testsuite> <!-- Default test -->
