<?xml version="1.0" encoding="UTF-8"?>
<!-- Generated by org.testng.reporters.JUnitXMLReporter -->
<testsuite hostname="LAPTOP-1EB6NV2P" failures="0" tests="10" name="Testing" time="1.782" errors="0" timestamp="20 Sep 2021 05:28:16 GMT">
  <testcase classname="com.qa.testcases.TelephoneDialPadTestCases" name="TC001_DigitisBlank" time="0.944"/>
  <testcase classname="com.qa.testcases.TelephoneDialPadTestCases" name="TC002_DigitStringHasOnlyOneDigit" time="0.152"/>
  <testcase classname="com.qa.testcases.TelephoneDialPadTestCases" name="TC003_DigitStringHasTwoDigitBothWithThreeAlphabets" time="0.09"/>
  <testcase classname="com.qa.testcases.TelephoneDialPadTestCases" name="TC004_DigitEnterIs1" time="0.075"/>
  <testcase classname="com.qa.testcases.TelephoneDialPadTestCases" name="TC005_DigitEnterIs0" time="0.08"/>
  <testcase classname="com.qa.testcases.TelephoneDialPadTestCases" name="TC006_DigitStringHasTwoDigitWithThreeAndFourAlphabets" time="0.078"/>
  <testcase classname="com.qa.testcases.TelephoneDialPadTestCases" name="TC007_DigitStringHasTwoDigitBothWithFourAlphabets" time="0.068"/>
  <testcase classname="com.qa.testcases.TelephoneDialPadTestCases" name="TC008_DigitStringHasOneDigitAlongWIthSpecialCharachter" time="0.084"/>
  <testcase classname="com.qa.testcases.TelephoneDialPadTestCases" name="TC009_DigitStringHasTwoDigitAlongWIthSpecialCharachter" time="0.061"/>
  <testcase classname="com.qa.testcases.TelephoneDialPadTestCases" name="TC010_DigitStringHasMoreThan2Digit" time="0.079"/>
</testsuite> <!-- Testing -->
